<?xml version="1.0" encoding="UTF-8"?>
<!-- Generated by org.testng.reporters.JUnitReportReporter -->
<testsuite skipped="1" hostname="LAPTOP-VVPR8BFK" name="restApiTests.GoogleTest" tests="2" failures="0" timestamp="20 May 2019 16:34:43 GMT" time="2.185" errors="0">
  <testcase name="postReqTest" time="2.185" classname="restApiTests.GoogleTest"/>
  <testcase name="getReqTest" classname="restApiTests.GoogleTest">
    <skipped/>
  </testcase> <!-- getReqTest -->
</testsuite> <!-- restApiTests.GoogleTest -->
