<?xml version="1.0" encoding="UTF-8"?>
<!-- Generated by org.testng.reporters.JUnitReportReporter -->
<testsuite skipped="0" hostname="LAPTOP-VVPR8BFK" name="restApiTests.GoogleGetTest" tests="1" failures="0" timestamp="20 May 2019 16:39:43 GMT" time="2.370" errors="0">
  <testcase name="getReqTest" time="2.370" classname="restApiTests.GoogleGetTest"/>
</testsuite> <!-- restApiTests.GoogleGetTest -->
