<?xml version="1.0" encoding="UTF-8"?>
<!-- Generated by org.testng.reporters.JUnitReportReporter -->
<testsuite skipped="0" hostname="LAPTOP-VVPR8BFK" name="restApiTests.GoogleGetTest1" tests="1" failures="0" timestamp="20 May 2019 17:46:53 GMT" time="0.461" errors="0">
  <testcase name="getReqTest" time="0.461" classname="restApiTests.GoogleGetTest1"/>
</testsuite> <!-- restApiTests.GoogleGetTest1 -->
