<?xml version="1.0" encoding="UTF-8"?>
<!-- Generated by org.testng.reporters.JUnitReportReporter -->
<testsuite skipped="0" hostname="LAPTOP-VVPR8BFK" name="restApiTests.GoogleTest" tests="1" failures="0" timestamp="20 May 2019 17:47:53 GMT" time="2.118" errors="0">
  <testcase name="postReqTest" time="2.118" classname="restApiTests.GoogleTest"/>
</testsuite> <!-- restApiTests.GoogleTest -->
